Build started 8/6/2013 12:08:44 AM.
     1>Project "D:\_dump\i1383\i1383.vcxproj" on node 2 (Build target(s)).
     1>ClCompile:
         C:\Program Files (x86)\Microsoft Visual Studio 11.0\VC\bin\CL.exe /c /ZI /nologo /W3 /WX- /Od /Oy- /D WIN32 /D _DEBUG /D _CONSOLE /D _UNICODE /D UNICODE /Gm /EHsc /RTC1 /MDd /GS /fp:precise /Zc:wchar_t /Zc:forScope /Fo"Debug\\" /Fd"Debug\vc110.pdb" /Gd /TP /analyze- /errorReport:prompt Main.cpp
         Main.cpp
     1>c:\program files (x86)\microsoft visual studio 11.0\vc\include\utility(201): error C2259: 'IEndpoint' : cannot instantiate abstract class
                 due to following members:
                 'std::string IEndpoint::desc(void) const' : is abstract
                 d:\_dump\i1383\irelay.h(12) : see declaration of 'IEndpoint::desc'
                 'int IEndpoint::handle(void) const' : is abstract
                 d:\_dump\i1383\irelay.h(13) : see declaration of 'IEndpoint::handle'
                 d:\_dump\i1383\irelay.h(57) : see reference to class template instantiation 'std::pair<_Ty1,_Ty2>' being compiled
                 with
                 [
                     _Ty1=IEndpoint,
                     _Ty2=IEndpoint
                 ]
     1>c:\program files (x86)\microsoft visual studio 11.0\vc\include\utility(202): error C2259: 'IEndpoint' : cannot instantiate abstract class
                 due to following members:
                 'std::string IEndpoint::desc(void) const' : is abstract
                 d:\_dump\i1383\irelay.h(12) : see declaration of 'IEndpoint::desc'
                 'int IEndpoint::handle(void) const' : is abstract
                 d:\_dump\i1383\irelay.h(13) : see declaration of 'IEndpoint::handle'
     1>d:\_dump\i1383\irelay.h(64): warning C4018: '>=' : signed/unsigned mismatch
     1>Done Building Project "D:\_dump\i1383\i1383.vcxproj" (Build target(s)) -- FAILED.

Build FAILED.

Time Elapsed 00:00:02.89
